<?xml version="1.0" encoding="UTF-8"?>
<!-- Generated by org.testng.reporters.JUnitReportReporter -->
<testsuite skipped="0" hostname="WuJunhao" name="com.qa.tests.Login" tests="1" failures="0" timestamp="25 九月 2018 03:46:49 GMT" time="2.085" errors="0">
  <testcase name="login" time="2.085" classname="com.qa.tests.Login"/>
</testsuite> <!-- com.qa.tests.Login -->
