<?xml version="1.0" encoding="UTF-8"?>
<!-- Generated by org.testng.reporters.JUnitReportReporter -->
<testsuite skipped="0" hostname="WuJunhao" name="com.qa.tests.GetApiTest" tests="1" failures="0" timestamp="14 八月 2018 05:32:00 GMT" time="7.747" errors="0">
  <testcase name="getAPITest" time="7.747" classname="com.qa.tests.GetApiTest"/>
</testsuite> <!-- com.qa.tests.GetApiTest -->
