<?xml version="1.0" encoding="UTF-8"?>
<!-- Generated by org.testng.reporters.JUnitReportReporter -->
<testsuite skipped="0" hostname="WuJunhao" name="com.qa.demo.ProjDemo" tests="2" failures="0" timestamp="28 九月 2018 02:00:59 GMT" time="8.636" errors="0">
  <testcase name="projDemo" time="2.766" classname="com.qa.demo.ProjDemo"/>
  <testcase name="projDemoRefuse" time="5.870" classname="com.qa.demo.ProjDemo"/>
</testsuite> <!-- com.qa.demo.ProjDemo -->
