<?xml version="1.0" encoding="UTF-8"?>
<!-- Generated by org.testng.reporters.JUnitReportReporter -->
<testsuite skipped="0" hostname="WuJunhao" name="com.qa.tests.PostApiTest" tests="1" failures="0" timestamp="11 九月 2018 09:33:01 GMT" time="1.978" errors="0">
  <testcase name="postApiTest" time="1.978" classname="com.qa.tests.PostApiTest"/>
</testsuite> <!-- com.qa.tests.PostApiTest -->
