<?xml version="1.0" encoding="UTF-8"?>
<!-- Generated by org.testng.reporters.JUnitReportReporter -->
<testsuite skipped="0" hostname="WuJunhao" name="com.qa.tests.ProjDemo" tests="1" failures="0" timestamp="26 九月 2018 09:11:59 GMT" time="2.426" errors="0">
  <testcase name="projDemo" time="2.426" classname="com.qa.tests.ProjDemo"/>
</testsuite> <!-- com.qa.tests.ProjDemo -->
