<?xml version="1.0" encoding="UTF-8"?>
<!-- Generated by org.testng.reporters.JUnitReportReporter -->
<testsuite skipped="0" hostname="WuJunhao" name="testSuit.projNew" tests="4" failures="0" timestamp="01 二月 2018 06:47:00 GMT" time="96.970" errors="0">
  <testcase name="applyNewProj" time="45.559" classname="testSuit.projNew"/>
  <testcase name="shenpi_azb" time="17.136" classname="testSuit.projNew"/>
  <testcase name="shenpi_sc" time="17.190" classname="testSuit.projNew"/>
  <testcase name="shenpi_syb" time="17.085" classname="testSuit.projNew"/>
</testsuite> <!-- testSuit.projNew -->
