<?xml version="1.0" encoding="UTF-8"?>
<!-- Generated by org.testng.reporters.JUnitReportReporter -->
<testsuite skipped="0" hostname="WuJunhao" name="cpaTest.Win" tests="1" failures="0" timestamp="18 八月 2018 01:47:52 GMT" time="0.142" errors="0">
  <testcase name="applyNewCpa" time="0.142" classname="cpaTest.Win"/>
</testsuite> <!-- cpaTest.Win -->
