<?xml version="1.0" encoding="UTF-8"?>
<!-- Generated by org.testng.reporters.JUnitReportReporter -->
<testsuite skipped="0" hostname="WuJunhao" name="cpaTest.CpaNew_002" tests="1" failures="0" timestamp="29 六月 2018 07:49:04 GMT" time="184.429" errors="0">
  <testcase name="applyNewCpa" time="184.429" classname="cpaTest.CpaNew_002"/>
</testsuite> <!-- cpaTest.CpaNew_002 -->
