<?xml version="1.0" encoding="UTF-8"?>
<!-- Generated by org.testng.reporters.JUnitReportReporter -->
<testsuite skipped="0" hostname="WuJunhao" name="cpaTest.Cpa_007" tests="1" failures="0" timestamp="07 二月 2018 08:57:22 GMT" time="100.217" errors="0">
  <testcase name="applyNewCpa" time="100.217" classname="cpaTest.Cpa_007"/>
</testsuite> <!-- cpaTest.Cpa_007 -->
