<?xml version="1.0" encoding="UTF-8"?>
<!-- Generated by org.testng.reporters.JUnitReportReporter -->
<testsuite skipped="0" hostname="WuJunhao" name="cpaTest.Cpa_008" tests="1" failures="0" timestamp="07 二月 2018 08:59:29 GMT" time="100.589" errors="0">
  <testcase name="applyNewCpa" time="100.589" classname="cpaTest.Cpa_008"/>
</testsuite> <!-- cpaTest.Cpa_008 -->
