<?xml version="1.0" encoding="UTF-8"?>
<!-- Generated by org.testng.reporters.JUnitReportReporter -->
<testsuite skipped="0" hostname="WuJunhao" name="cpaTest.Cpa_022" tests="5" failures="0" timestamp="06 二月 2018 06:13:10 GMT" time="349.571" errors="0">
  <testcase name="applyNewCpa" time="48.925" classname="cpaTest.Cpa_022"/>
  <testcase name="applyNewCpa_edit1" time="50.755" classname="cpaTest.Cpa_022"/>
  <testcase name="applyNewCpa_edit2" time="67.600" classname="cpaTest.Cpa_022"/>
  <testcase name="applyNewCpa_edit4" time="66.480" classname="cpaTest.Cpa_022"/>
  <testcase name="applyNewCpa_edit5" time="115.811" classname="cpaTest.Cpa_022"/>
</testsuite> <!-- cpaTest.Cpa_022 -->
