<?xml version="1.0" encoding="UTF-8"?>
<!-- Generated by org.testng.reporters.JUnitReportReporter -->
<testsuite skipped="0" hostname="WuJunhao" name="testSuites.CpaNew" tests="5" failures="0" timestamp="05 二月 2018 13:11:45 GMT" time="109.856" errors="0">
  <testcase name="applyNewCpa" time="38.478" classname="testSuites.CpaNew"/>
  <testcase name="shenpi_dept" time="17.591" classname="testSuites.CpaNew"/>
  <testcase name="shenpi_fw" time="18.812" classname="testSuites.CpaNew"/>
  <testcase name="shenpi_sybzjl" time="17.332" classname="testSuites.CpaNew"/>
  <testcase name="shenpi_sybdsz" time="17.643" classname="testSuites.CpaNew"/>
</testsuite> <!-- testSuites.CpaNew -->
