<?xml version="1.0" encoding="UTF-8"?>
<!-- Generated by org.testng.reporters.JUnitReportReporter -->
<testsuite skipped="0" hostname="WuJunhao" name="cpaTest.CpaNew_001" tests="1" failures="0" timestamp="27 六月 2018 05:35:10 GMT" time="79.814" errors="0">
  <testcase name="applyNewCpa" time="79.814" classname="cpaTest.CpaNew_001"/>
</testsuite> <!-- cpaTest.CpaNew_001 -->
