<?xml version="1.0" encoding="UTF-8"?>
<!-- Generated by org.testng.reporters.JUnitReportReporter -->
<testsuite skipped="0" hostname="WuJunhao" name="cpaTest.Cpa_003" tests="1" failures="0" timestamp="07 二月 2018 08:48:06 GMT" time="120.306" errors="0">
  <testcase name="applyNewCpa" time="120.306" classname="cpaTest.Cpa_003"/>
</testsuite> <!-- cpaTest.Cpa_003 -->
