<?xml version="1.0" encoding="UTF-8"?>
<!-- Generated by org.testng.reporters.JUnitReportReporter -->
<testsuite skipped="0" hostname="WuJunhao" name="cpbTest.Cpb_001" tests="1" failures="0" timestamp="06 二月 2018 07:40:17 GMT" time="104.945" errors="0">
  <testcase name="applyNewcpb" time="104.945" classname="cpbTest.Cpb_001"/>
</testsuite> <!-- cpbTest.Cpb_001 -->
