<?xml version="1.0" encoding="UTF-8"?>
<!-- Generated by org.testng.reporters.JUnitReportReporter -->
<testsuite skipped="0" hostname="WuJunhao" name="cpaTest.Cpa_13" tests="8" failures="0" timestamp="05 二月 2018 14:16:40 GMT" time="140.791" errors="0">
  <testcase name="applyNewCpa" time="32.180" classname="cpaTest.Cpa_13"/>
  <testcase name="shenpi_dept" time="15.536" classname="cpaTest.Cpa_13"/>
  <testcase name="shenpi_fw" time="15.521" classname="cpaTest.Cpa_13"/>
  <testcase name="shenpi_sybzjl" time="15.524" classname="cpaTest.Cpa_13"/>
  <testcase name="shenpi_anzhi" time="15.466" classname="cpaTest.Cpa_13"/>
  <testcase name="shenpi_caiwu" time="15.506" classname="cpaTest.Cpa_13"/>
  <testcase name="shenpi_wuzi" time="15.530" classname="cpaTest.Cpa_13"/>
  <testcase name="shenpi_fg" time="15.528" classname="cpaTest.Cpa_13"/>
</testsuite> <!-- cpaTest.Cpa_13 -->
