<?xml version="1.0" encoding="UTF-8"?>
<!-- Generated by org.testng.reporters.JUnitReportReporter -->
<testsuite skipped="0" hostname="WuJunhao" name="cpbTest.Cpb_003" tests="5" failures="0" timestamp="09 二月 2018 01:58:30 GMT" time="338.729" errors="0">
  <testcase name="applyNewcpb" time="52.181" classname="cpbTest.Cpb_003"/>
  <testcase name="applyNewcpb_edit1" time="51.054" classname="cpbTest.Cpb_003"/>
  <testcase name="applyNewcpb_edit2" time="67.370" classname="cpbTest.Cpb_003"/>
  <testcase name="applyNewcpb_edit3" time="84.114" classname="cpbTest.Cpb_003"/>
  <testcase name="applyNewcpb_edit4" time="84.010" classname="cpbTest.Cpb_003"/>
</testsuite> <!-- cpbTest.Cpb_003 -->
