<?xml version="1.0" encoding="UTF-8"?>
<!-- Generated by org.testng.reporters.JUnitReportReporter -->
<testsuite skipped="0" hostname="WuJunhao" name="cpaTest.Cpa_006" tests="1" failures="0" timestamp="07 二月 2018 08:55:14 GMT" time="100.099" errors="0">
  <testcase name="applyNewCpa" time="100.099" classname="cpaTest.Cpa_006"/>
</testsuite> <!-- cpaTest.Cpa_006 -->
