<?xml version="1.0" encoding="UTF-8"?>
<!-- Generated by org.testng.reporters.JUnitReportReporter -->
<testsuite skipped="0" hostname="WuJunhao" name="testSuites.CpbNew" tests="1" failures="0" timestamp="05 二月 2018 16:44:10 GMT" time="34.464" errors="0">
  <testcase name="applyNewcpb" time="34.464" classname="testSuites.CpbNew"/>
</testsuite> <!-- testSuites.CpbNew -->
