<?xml version="1.0" encoding="UTF-8"?>
<!-- Generated by org.testng.reporters.JUnitReportReporter -->
<testsuite skipped="0" hostname="WuJunhao" name="cpaTest.Cpa_005" tests="1" failures="0" timestamp="07 二月 2018 08:53:07 GMT" time="116.080" errors="0">
  <testcase name="applyNewCpa" time="116.080" classname="cpaTest.Cpa_005"/>
</testsuite> <!-- cpaTest.Cpa_005 -->
