<?xml version="1.0" encoding="UTF-8"?>
<!-- Generated by org.testng.reporters.JUnitReportReporter -->
<testsuite skipped="0" hostname="WuJunhao" name="cpaTest.Cpb_001" tests="1" failures="0" timestamp="05 二月 2018 17:03:18 GMT" time="96.055" errors="0">
  <testcase name="applyNewcpb" time="96.055" classname="cpaTest.Cpb_001"/>
</testsuite> <!-- cpaTest.Cpb_001 -->
